1645541254.630864 client started (3028): version 3.2a, socket /tmp/tmux-1000/default, protocol 8
1645541254.630936 on Linux 5.16.10-zen1-1-zen #1 ZEN SMP PREEMPT Wed, 16 Feb 2022 19:35:21 +0000
1645541254.630949 using libevent 2.1.12-stable (poll); ncurses 6.2
1645541254.630986 flags are 0x18000000
1645541254.630998 socket is /tmp/tmux-1000/default
1645541254.631020 trying connect
1645541254.631048 connect failed: Connection refused
1645541254.631069 lock file is /tmp/tmux-1000/default.lock
1645541254.631098 flock succeeded
1645541254.631109 got lock (6)
1645541254.631123 trying connect
1645541254.631144 connect failed: Connection refused
1645541254.631499 add peer 0x55c4e9770d00: 7 ((nil))
1645541254.632288 sending message 100 to peer 0x55c4e9770d00 (4 bytes)
1645541254.632309 sending message 111 to peer 0x55c4e9770d00 (8 bytes)
1645541254.632323 sending message 101 to peer 0x55c4e9770d00 (15 bytes)
1645541254.632335 sending message 109 to peer 0x55c4e9770d00 (4 bytes)
1645541254.632347 sending message 102 to peer 0x55c4e9770d00 (11 bytes)
1645541254.632360 sending message 108 to peer 0x55c4e9770d00 (38 bytes)
1645541254.632373 sending message 112 to peer 0x55c4e9770d00 (58 bytes)
1645541254.632386 sending message 112 to peer 0x55c4e9770d00 (5 bytes)
1645541254.632399 sending message 112 to peer 0x55c4e9770d00 (5 bytes)
1645541254.632412 sending message 112 to peer 0x55c4e9770d00 (6 bytes)
1645541254.632425 sending message 112 to peer 0x55c4e9770d00 (6 bytes)
1645541254.632437 sending message 112 to peer 0x55c4e9770d00 (11 bytes)
1645541254.632450 sending message 112 to peer 0x55c4e9770d00 (10 bytes)
1645541254.632463 sending message 112 to peer 0x55c4e9770d00 (13 bytes)
1645541254.632476 sending message 112 to peer 0x55c4e9770d00 (14 bytes)
1645541254.632489 sending message 112 to peer 0x55c4e9770d00 (19 bytes)
1645541254.632501 sending message 112 to peer 0x55c4e9770d00 (11 bytes)
1645541254.632514 sending message 112 to peer 0x55c4e9770d00 (10 bytes)
1645541254.632527 sending message 112 to peer 0x55c4e9770d00 (15 bytes)
1645541254.632539 sending message 112 to peer 0x55c4e9770d00 (21 bytes)
1645541254.632552 sending message 112 to peer 0x55c4e9770d00 (13 bytes)
1645541254.632564 sending message 112 to peer 0x55c4e9770d00 (7 bytes)
1645541254.632577 sending message 112 to peer 0x55c4e9770d00 (13 bytes)
1645541254.632590 sending message 112 to peer 0x55c4e9770d00 (7 bytes)
1645541254.632603 sending message 112 to peer 0x55c4e9770d00 (13 bytes)
1645541254.632616 sending message 112 to peer 0x55c4e9770d00 (9 bytes)
1645541254.632628 sending message 112 to peer 0x55c4e9770d00 (21 bytes)
1645541254.632641 sending message 112 to peer 0x55c4e9770d00 (13 bytes)
1645541254.632654 sending message 112 to peer 0x55c4e9770d00 (9 bytes)
1645541254.632667 sending message 112 to peer 0x55c4e9770d00 (16 bytes)
1645541254.632680 sending message 112 to peer 0x55c4e9770d00 (13 bytes)
1645541254.632692 sending message 112 to peer 0x55c4e9770d00 (9 bytes)
1645541254.632705 sending message 112 to peer 0x55c4e9770d00 (9 bytes)
1645541254.632718 sending message 112 to peer 0x55c4e9770d00 (12 bytes)
1645541254.632730 sending message 112 to peer 0x55c4e9770d00 (8 bytes)
1645541254.632743 sending message 112 to peer 0x55c4e9770d00 (8 bytes)
1645541254.632756 sending message 112 to peer 0x55c4e9770d00 (13 bytes)
1645541254.632768 sending message 112 to peer 0x55c4e9770d00 (7 bytes)
1645541254.632781 sending message 112 to peer 0x55c4e9770d00 (7 bytes)
1645541254.632794 sending message 112 to peer 0x55c4e9770d00 (9 bytes)
1645541254.632807 sending message 112 to peer 0x55c4e9770d00 (9 bytes)
1645541254.632819 sending message 112 to peer 0x55c4e9770d00 (15 bytes)
1645541254.632832 sending message 112 to peer 0x55c4e9770d00 (13 bytes)
1645541254.632855 sending message 112 to peer 0x55c4e9770d00 (12 bytes)
1645541254.632870 sending message 112 to peer 0x55c4e9770d00 (8 bytes)
1645541254.632883 sending message 112 to peer 0x55c4e9770d00 (14 bytes)
1645541254.632896 sending message 112 to peer 0x55c4e9770d00 (11 bytes)
1645541254.632909 sending message 112 to peer 0x55c4e9770d00 (9 bytes)
1645541254.632936 sending message 112 to peer 0x55c4e9770d00 (10 bytes)
1645541254.632949 sending message 112 to peer 0x55c4e9770d00 (10 bytes)
1645541254.632962 sending message 112 to peer 0x55c4e9770d00 (10 bytes)
1645541254.632975 sending message 112 to peer 0x55c4e9770d00 (10 bytes)
1645541254.632988 sending message 112 to peer 0x55c4e9770d00 (11 bytes)
1645541254.633000 sending message 112 to peer 0x55c4e9770d00 (12 bytes)
1645541254.633013 sending message 112 to peer 0x55c4e9770d00 (12 bytes)
1645541254.633026 sending message 112 to peer 0x55c4e9770d00 (12 bytes)
1645541254.633039 sending message 112 to peer 0x55c4e9770d00 (12 bytes)
1645541254.633052 sending message 112 to peer 0x55c4e9770d00 (12 bytes)
1645541254.633064 sending message 112 to peer 0x55c4e9770d00 (11 bytes)
1645541254.633077 sending message 112 to peer 0x55c4e9770d00 (11 bytes)
1645541254.633090 sending message 112 to peer 0x55c4e9770d00 (12 bytes)
1645541254.633103 sending message 112 to peer 0x55c4e9770d00 (12 bytes)
1645541254.633116 sending message 112 to peer 0x55c4e9770d00 (12 bytes)
1645541254.633128 sending message 112 to peer 0x55c4e9770d00 (12 bytes)
1645541254.633141 sending message 112 to peer 0x55c4e9770d00 (12 bytes)
1645541254.633154 sending message 112 to peer 0x55c4e9770d00 (9 bytes)
1645541254.633166 sending message 112 to peer 0x55c4e9770d00 (12 bytes)
1645541254.633179 sending message 112 to peer 0x55c4e9770d00 (13 bytes)
1645541254.633192 sending message 112 to peer 0x55c4e9770d00 (13 bytes)
1645541254.633204 sending message 112 to peer 0x55c4e9770d00 (13 bytes)
1645541254.633217 sending message 112 to peer 0x55c4e9770d00 (13 bytes)
1645541254.633230 sending message 112 to peer 0x55c4e9770d00 (13 bytes)
1645541254.633243 sending message 112 to peer 0x55c4e9770d00 (8 bytes)
1645541254.633255 sending message 112 to peer 0x55c4e9770d00 (11 bytes)
1645541254.633268 sending message 112 to peer 0x55c4e9770d00 (11 bytes)
1645541254.633281 sending message 112 to peer 0x55c4e9770d00 (11 bytes)
1645541254.633294 sending message 112 to peer 0x55c4e9770d00 (12 bytes)
1645541254.633306 sending message 112 to peer 0x55c4e9770d00 (12 bytes)
1645541254.633319 sending message 112 to peer 0x55c4e9770d00 (12 bytes)
1645541254.633332 sending message 112 to peer 0x55c4e9770d00 (12 bytes)
1645541254.633344 sending message 112 to peer 0x55c4e9770d00 (13 bytes)
1645541254.633357 sending message 112 to peer 0x55c4e9770d00 (13 bytes)
1645541254.633370 sending message 112 to peer 0x55c4e9770d00 (13 bytes)
1645541254.633382 sending message 112 to peer 0x55c4e9770d00 (8 bytes)
1645541254.633395 sending message 112 to peer 0x55c4e9770d00 (13 bytes)
1645541254.633408 sending message 112 to peer 0x55c4e9770d00 (13 bytes)
1645541254.633420 sending message 112 to peer 0x55c4e9770d00 (13 bytes)
1645541254.633433 sending message 112 to peer 0x55c4e9770d00 (13 bytes)
1645541254.633446 sending message 112 to peer 0x55c4e9770d00 (13 bytes)
1645541254.633459 sending message 112 to peer 0x55c4e9770d00 (12 bytes)
1645541254.633471 sending message 112 to peer 0x55c4e9770d00 (12 bytes)
1645541254.633484 sending message 112 to peer 0x55c4e9770d00 (12 bytes)
1645541254.633497 sending message 112 to peer 0x55c4e9770d00 (12 bytes)
1645541254.633510 sending message 112 to peer 0x55c4e9770d00 (13 bytes)
1645541254.633522 sending message 112 to peer 0x55c4e9770d00 (8 bytes)
1645541254.633535 sending message 112 to peer 0x55c4e9770d00 (13 bytes)
1645541254.633548 sending message 112 to peer 0x55c4e9770d00 (13 bytes)
1645541254.633561 sending message 112 to peer 0x55c4e9770d00 (13 bytes)
1645541254.633573 sending message 112 to peer 0x55c4e9770d00 (13 bytes)
1645541254.633586 sending message 112 to peer 0x55c4e9770d00 (13 bytes)
1645541254.633599 sending message 112 to peer 0x55c4e9770d00 (13 bytes)
1645541254.633612 sending message 112 to peer 0x55c4e9770d00 (13 bytes)
1645541254.633624 sending message 112 to peer 0x55c4e9770d00 (12 bytes)
1645541254.633637 sending message 112 to peer 0x55c4e9770d00 (12 bytes)
1645541254.633650 sending message 112 to peer 0x55c4e9770d00 (12 bytes)
1645541254.633673 sending message 112 to peer 0x55c4e9770d00 (8 bytes)
1645541254.633687 sending message 112 to peer 0x55c4e9770d00 (12 bytes)
1645541254.633700 sending message 112 to peer 0x55c4e9770d00 (13 bytes)
1645541254.633712 sending message 112 to peer 0x55c4e9770d00 (13 bytes)
1645541254.633725 sending message 112 to peer 0x55c4e9770d00 (13 bytes)
1645541254.633738 sending message 112 to peer 0x55c4e9770d00 (13 bytes)
1645541254.633751 sending message 112 to peer 0x55c4e9770d00 (13 bytes)
1645541254.633764 sending message 112 to peer 0x55c4e9770d00 (13 bytes)
1645541254.633776 sending message 112 to peer 0x55c4e9770d00 (13 bytes)
1645541254.633789 sending message 112 to peer 0x55c4e9770d00 (13 bytes)
1645541254.633802 sending message 112 to peer 0x55c4e9770d00 (12 bytes)
1645541254.633815 sending message 112 to peer 0x55c4e9770d00 (10 bytes)
1645541254.633828 sending message 112 to peer 0x55c4e9770d00 (12 bytes)
1645541254.633861 sending message 112 to peer 0x55c4e9770d00 (12 bytes)
1645541254.633878 sending message 112 to peer 0x55c4e9770d00 (12 bytes)
1645541254.633890 sending message 112 to peer 0x55c4e9770d00 (13 bytes)
1645541254.633903 sending message 112 to peer 0x55c4e9770d00 (13 bytes)
1645541254.633916 sending message 112 to peer 0x55c4e9770d00 (13 bytes)
1645541254.633928 sending message 112 to peer 0x55c4e9770d00 (13 bytes)
1645541254.633941 sending message 112 to peer 0x55c4e9770d00 (13 bytes)
1645541254.633953 sending message 112 to peer 0x55c4e9770d00 (13 bytes)
1645541254.633966 sending message 112 to peer 0x55c4e9770d00 (13 bytes)
1645541254.633979 sending message 112 to peer 0x55c4e9770d00 (10 bytes)
1645541254.633992 sending message 112 to peer 0x55c4e9770d00 (13 bytes)
1645541254.634004 sending message 112 to peer 0x55c4e9770d00 (12 bytes)
1645541254.634017 sending message 112 to peer 0x55c4e9770d00 (12 bytes)
1645541254.634030 sending message 112 to peer 0x55c4e9770d00 (12 bytes)
1645541254.634042 sending message 112 to peer 0x55c4e9770d00 (10 bytes)
1645541254.634055 sending message 112 to peer 0x55c4e9770d00 (10 bytes)
1645541254.634068 sending message 112 to peer 0x55c4e9770d00 (10 bytes)
1645541254.634080 sending message 112 to peer 0x55c4e9770d00 (12 bytes)
1645541254.634093 sending message 112 to peer 0x55c4e9770d00 (13 bytes)
1645541254.634105 sending message 112 to peer 0x55c4e9770d00 (13 bytes)
1645541254.634118 sending message 112 to peer 0x55c4e9770d00 (13 bytes)
1645541254.634130 sending message 112 to peer 0x55c4e9770d00 (13 bytes)
1645541254.634143 sending message 112 to peer 0x55c4e9770d00 (13 bytes)
1645541254.634155 sending message 112 to peer 0x55c4e9770d00 (10 bytes)
1645541254.634168 sending message 112 to peer 0x55c4e9770d00 (11 bytes)
1645541254.634180 sending message 112 to peer 0x55c4e9770d00 (12 bytes)
1645541254.634193 sending message 112 to peer 0x55c4e9770d00 (12 bytes)
1645541254.634206 sending message 112 to peer 0x55c4e9770d00 (12 bytes)
1645541254.634219 sending message 112 to peer 0x55c4e9770d00 (12 bytes)
1645541254.634231 sending message 112 to peer 0x55c4e9770d00 (12 bytes)
1645541254.634244 sending message 112 to peer 0x55c4e9770d00 (11 bytes)
1645541254.634256 sending message 112 to peer 0x55c4e9770d00 (12 bytes)
1645541254.634269 sending message 112 to peer 0x55c4e9770d00 (12 bytes)
1645541254.634281 sending message 112 to peer 0x55c4e9770d00 (13 bytes)
1645541254.634294 sending message 112 to peer 0x55c4e9770d00 (13 bytes)
1645541254.634306 sending message 112 to peer 0x55c4e9770d00 (13 bytes)
1645541254.634319 sending message 112 to peer 0x55c4e9770d00 (13 bytes)
1645541254.634331 sending message 112 to peer 0x55c4e9770d00 (13 bytes)
1645541254.634344 sending message 112 to peer 0x55c4e9770d00 (10 bytes)
1645541254.634356 sending message 112 to peer 0x55c4e9770d00 (9 bytes)
1645541254.634369 sending message 112 to peer 0x55c4e9770d00 (12 bytes)
1645541254.634381 sending message 112 to peer 0x55c4e9770d00 (13 bytes)
1645541254.634394 sending message 112 to peer 0x55c4e9770d00 (13 bytes)
1645541254.634406 sending message 112 to peer 0x55c4e9770d00 (13 bytes)
1645541254.634430 sending message 112 to peer 0x55c4e9770d00 (13 bytes)
1645541254.634443 sending message 112 to peer 0x55c4e9770d00 (13 bytes)
1645541254.634456 sending message 112 to peer 0x55c4e9770d00 (9 bytes)
1645541254.634468 sending message 112 to peer 0x55c4e9770d00 (12 bytes)
1645541254.634481 sending message 112 to peer 0x55c4e9770d00 (13 bytes)
1645541254.634494 sending message 112 to peer 0x55c4e9770d00 (13 bytes)
1645541254.634512 sending message 112 to peer 0x55c4e9770d00 (13 bytes)
1645541254.634526 sending message 112 to peer 0x55c4e9770d00 (13 bytes)
1645541254.634538 sending message 112 to peer 0x55c4e9770d00 (13 bytes)
1645541254.634551 sending message 112 to peer 0x55c4e9770d00 (11 bytes)
1645541254.634563 sending message 112 to peer 0x55c4e9770d00 (12 bytes)
1645541254.634576 sending message 112 to peer 0x55c4e9770d00 (13 bytes)
1645541254.634588 sending message 112 to peer 0x55c4e9770d00 (13 bytes)
1645541254.634600 sending message 112 to peer 0x55c4e9770d00 (13 bytes)
1645541254.634613 sending message 112 to peer 0x55c4e9770d00 (13 bytes)
1645541254.634625 sending message 112 to peer 0x55c4e9770d00 (13 bytes)
1645541254.634638 sending message 112 to peer 0x55c4e9770d00 (11 bytes)
1645541254.634650 sending message 112 to peer 0x55c4e9770d00 (12 bytes)
1645541254.634662 sending message 112 to peer 0x55c4e9770d00 (12 bytes)
1645541254.634675 sending message 112 to peer 0x55c4e9770d00 (12 bytes)
1645541254.634687 sending message 112 to peer 0x55c4e9770d00 (12 bytes)
1645541254.634700 sending message 112 to peer 0x55c4e9770d00 (12 bytes)
1645541254.634717 sending message 112 to peer 0x55c4e9770d00 (21 bytes)
1645541254.634731 sending message 112 to peer 0x55c4e9770d00 (12 bytes)
1645541254.634743 sending message 112 to peer 0x55c4e9770d00 (9 bytes)
1645541254.634756 sending message 112 to peer 0x55c4e9770d00 (6 bytes)
1645541254.634768 sending message 112 to peer 0x55c4e9770d00 (13 bytes)
1645541254.634780 sending message 112 to peer 0x55c4e9770d00 (10 bytes)
1645541254.634793 sending message 112 to peer 0x55c4e9770d00 (24 bytes)
1645541254.634805 sending message 112 to peer 0x55c4e9770d00 (13 bytes)
1645541254.634818 sending message 112 to peer 0x55c4e9770d00 (9 bytes)
1645541254.634830 sending message 112 to peer 0x55c4e9770d00 (70 bytes)
1645541254.634862 sending message 112 to peer 0x55c4e9770d00 (69 bytes)
1645541254.634878 sending message 112 to peer 0x55c4e9770d00 (12 bytes)
1645541254.634890 sending message 112 to peer 0x55c4e9770d00 (10 bytes)
1645541254.634903 sending message 112 to peer 0x55c4e9770d00 (10 bytes)
1645541254.634915 sending message 112 to peer 0x55c4e9770d00 (24 bytes)
1645541254.634928 sending message 112 to peer 0x55c4e9770d00 (13 bytes)
1645541254.634946 sending message 112 to peer 0x55c4e9770d00 (10 bytes)
1645541254.634959 sending message 112 to peer 0x55c4e9770d00 (10 bytes)
1645541254.634972 sending message 112 to peer 0x55c4e9770d00 (10 bytes)
1645541254.634984 sending message 112 to peer 0x55c4e9770d00 (13 bytes)
1645541254.634996 sending message 112 to peer 0x55c4e9770d00 (15 bytes)
1645541254.635008 sending message 112 to peer 0x55c4e9770d00 (5 bytes)
1645541254.635022 sending message 104 to peer 0x55c4e9770d00 (0 bytes)
1645541254.635036 sending message 110 to peer 0x55c4e9770d00 (0 bytes)
1645541254.635050 sending message 107 to peer 0x55c4e9770d00 (4 bytes)
1645541254.635063 sending message 105 to peer 0x55c4e9770d00 (16 bytes)
1645541254.635075 sending message 105 to peer 0x55c4e9770d00 (18 bytes)
1645541254.635088 sending message 105 to peer 0x55c4e9770d00 (20 bytes)
1645541254.635100 sending message 105 to peer 0x55c4e9770d00 (25 bytes)
1645541254.635112 sending message 105 to peer 0x55c4e9770d00 (58 bytes)
1645541254.635125 sending message 105 to peer 0x55c4e9770d00 (22 bytes)
1645541254.635138 sending message 105 to peer 0x55c4e9770d00 (10 bytes)
1645541254.635155 sending message 105 to peer 0x55c4e9770d00 (19 bytes)
1645541254.635169 sending message 105 to peer 0x55c4e9770d00 (30 bytes)
1645541254.635181 sending message 105 to peer 0x55c4e9770d00 (44 bytes)
1645541254.635205 sending message 105 to peer 0x55c4e9770d00 (50 bytes)
1645541254.635218 sending message 105 to peer 0x55c4e9770d00 (41 bytes)
1645541254.635230 sending message 105 to peer 0x55c4e9770d00 (21 bytes)
1645541254.635242 sending message 105 to peer 0x55c4e9770d00 (26 bytes)
1645541254.635255 sending message 105 to peer 0x55c4e9770d00 (32 bytes)
1645541254.635267 sending message 105 to peer 0x55c4e9770d00 (15 bytes)
1645541254.635280 sending message 105 to peer 0x55c4e9770d00 (42 bytes)
1645541254.635292 sending message 105 to peer 0x55c4e9770d00 (21 bytes)
1645541254.635305 sending message 105 to peer 0x55c4e9770d00 (19 bytes)
1645541254.635317 sending message 105 to peer 0x55c4e9770d00 (21 bytes)
1645541254.635330 sending message 105 to peer 0x55c4e9770d00 (40 bytes)
1645541254.635342 sending message 105 to peer 0x55c4e9770d00 (15 bytes)
1645541254.635355 sending message 105 to peer 0x55c4e9770d00 (22 bytes)
1645541254.635372 sending message 105 to peer 0x55c4e9770d00 (7 bytes)
1645541254.635386 sending message 105 to peer 0x55c4e9770d00 (25 bytes)
1645541254.635399 sending message 105 to peer 0x55c4e9770d00 (27 bytes)
1645541254.635412 sending message 105 to peer 0x55c4e9770d00 (33 bytes)
1645541254.635424 sending message 105 to peer 0x55c4e9770d00 (13 bytes)
1645541254.635436 sending message 105 to peer 0x55c4e9770d00 (52 bytes)
1645541254.635449 sending message 105 to peer 0x55c4e9770d00 (23 bytes)
1645541254.635461 sending message 105 to peer 0x55c4e9770d00 (77 bytes)
1645541254.635474 sending message 105 to peer 0x55c4e9770d00 (23 bytes)
1645541254.635486 sending message 105 to peer 0x55c4e9770d00 (30 bytes)
1645541254.635499 sending message 105 to peer 0x55c4e9770d00 (20 bytes)
1645541254.635512 sending message 105 to peer 0x55c4e9770d00 (16 bytes)
1645541254.635524 sending message 105 to peer 0x55c4e9770d00 (15 bytes)
1645541254.635537 sending message 105 to peer 0x55c4e9770d00 (50 bytes)
1645541254.635550 sending message 105 to peer 0x55c4e9770d00 (11 bytes)
1645541254.635567 sending message 105 to peer 0x55c4e9770d00 (8 bytes)
1645541254.635581 sending message 105 to peer 0x55c4e9770d00 (11 bytes)
1645541254.635593 sending message 105 to peer 0x55c4e9770d00 (17 bytes)
1645541254.635606 sending message 105 to peer 0x55c4e9770d00 (31 bytes)
1645541254.635618 sending message 105 to peer 0x55c4e9770d00 (98 bytes)
1645541254.635631 sending message 105 to peer 0x55c4e9770d00 (325 bytes)
1645541254.635644 sending message 105 to peer 0x55c4e9770d00 (22 bytes)
1645541254.635657 sending message 105 to peer 0x55c4e9770d00 (54 bytes)
1645541254.635669 sending message 105 to peer 0x55c4e9770d00 (32 bytes)
1645541254.635682 sending message 105 to peer 0x55c4e9770d00 (31 bytes)
1645541254.635694 sending message 105 to peer 0x55c4e9770d00 (45 bytes)
1645541254.635707 sending message 105 to peer 0x55c4e9770d00 (16 bytes)
1645541254.635719 sending message 105 to peer 0x55c4e9770d00 (12 bytes)
1645541254.635732 sending message 105 to peer 0x55c4e9770d00 (20 bytes)
1645541254.635744 sending message 105 to peer 0x55c4e9770d00 (10 bytes)
1645541254.635762 sending message 106 to peer 0x55c4e9770d00 (0 bytes)
1645541254.635782 sending message 200 to peer 0x55c4e9770d00 (4 bytes)
1645541254.635795 client loop enter
1645541254.635995 client_signal: Child exited
1645541254.762016 peer 0x55c4e9770d00 message 207
1645541254.762047 sending message 208 to peer 0x55c4e9770d00 (0 bytes)
1645541258.196762 peer 0x55c4e9770d00 message 203
1645541258.196784 sending message 205 to peer 0x55c4e9770d00 (0 bytes)
1645541258.197325 peer 0x55c4e9770d00 message 204
1645541258.197343 client loop exit
